2025-12-24 19:15:26,224 - WARNING - ALERT: SQL Injection Detected in request:
POST /doLogin HTTP/1.1

Host: altoro.testfire.net

User-Agent: Mozilla/5.0 (Windows NT 10.0; Win64; x64; rv:133.0) Gecko/20100101 Firefox/133.0

Accept: text/html,application/xhtml+xml,application/xml;q=0.9,*/*;q=0.8

Accept-Language: en-US,en;q=0.5

Accept-Encoding: gzip, deflate

Content-Type: application/x-www-form-urlencoded

Content-Length: 56

Origin: http://altoro.testfire.net

Connection: keep-alive

Referer: http://altoro.testfire.net/login.jsp

Cookie: JSESSIONID=F7FCB090F7388B3BF7873039FCBA19F6

Upgrade-Insecure-Requests: 1

Priority: u=0, i



uid='or+'1'='1'&passw=qsdqqd&btnSubmit=Login
2025-12-24 19:15:38,968 - WARNING - Failed login attempt from IP: 65.61.137.117 (Attempt 1)
2025-12-24 19:15:42,777 - WARNING - ALERT: Unauthorized access attempt detected from IP: 65.61.137.117. IP blocked temporarily.
2025-12-24 19:15:55,182 - WARNING - ALERT: SQL Injection Detected in request:
POST /doLogin HTTP/1.1

Host: altoro.testfire.net

User-Agent: Mozilla/5.0 (Windows NT 10.0; Win64; x64; rv:133.0) Gecko/20100101 Firefox/133.0

Accept: text/html,application/xhtml+xml,application/xml;q=0.9,*/*;q=0.8

Accept-Language: en-US,en;q=0.5

Accept-Encoding: gzip, deflate

Content-Type: application/x-www-form-urlencoded

Content-Length: 56

Origin: http://altoro.testfire.net

Connection: keep-alive

Referer: http://altoro.testfire.net/login.jsp

Cookie: JSESSIONID=F7FCB090F7388B3BF7873039FCBA19F6

Upgrade-Insecure-Requests: 1

Priority: u=0, i



uid='or+'1'='1'&passw=sqdqwd&btnSubmit=Login
2025-12-24 19:15:55,543 - WARNING - IP 65.61.137.117 is now unblocked after 3 seconds.
2025-12-24 19:17:33,036 - WARNING - ALERT: Potential DoS attack detected from IP: 192.168.254.248
2025-12-24 19:18:07,829 - WARNING - ALERT: Unauthorized access attempt detected from IP: 65.61.137.117. IP blocked temporarily.
2025-12-24 19:18:14,001 - WARNING - IP 65.61.137.117 is now unblocked after 3 seconds.
2025-12-24 19:18:14,091 - WARNING - ALERT: Unauthorized access attempt detected from IP: 65.61.137.117. IP blocked temporarily.
2025-12-24 19:18:19,280 - WARNING - ALERT: Potential port scan detected from IP: 65.61.137.117
2025-12-24 19:18:19,282 - WARNING - IP 65.61.137.117 is now unblocked after 3 seconds.
2025-12-24 19:18:19,282 - WARNING - ALERT: Potential port scan detected from IP: 65.61.137.117
2025-12-24 19:18:19,377 - WARNING - ALERT: Unauthorized access attempt detected from IP: 65.61.137.117. IP blocked temporarily.
2025-12-24 19:18:19,379 - WARNING - ALERT: Potential port scan detected from IP: 65.61.137.117
